<?xml version="1.0" encoding="UTF-8"?>
<testsuites name="Owner2" time="131.05" tests="8" failures="1" errors="0">
   <testsuite name="Owner2" tests="8" failures="1" errors="0" time="131.05" skipped="0" timestamp="2021-09-20 16:03:05" hostname="mousejarrett - localhost" id="Test Suites/Owner2">
      <properties>
         <property name="deviceName" value=""/>
         <property name="devicePlatform" value=""/>
         <property name="logFolder" value="/Users/mousejarrett/Desktop/SE 2/Managing/ManagingTests/Reports/20210920_160303/Owner2/20210920_160303"/>
         <property name="logFiles" value="/Users/mousejarrett/Desktop/SE 2/Managing/ManagingTests/Reports/20210920_160303/Owner2/20210920_160303/execution0.log"/>
         <property name="attachments" value="/Users/mousejarrett/Desktop/SE 2/Managing/ManagingTests/Reports/20210920_160303/Owner2/20210920_160303/1632168261310.png"/>
         <property name="hostName" value="mousejarrett - localhost"/>
         <property name="os" value="Mac OS X 64bit"/>
         <property name="katalonVersion" value="8.1.0.208"/>
         <property name="browser" value="Chrome 93.0.4577.82"/>
         <property name="hostAddress" value="127.0.0.1"/>
         <property name="sessionId" value="79bd6163f71d63102c3d21310a3e9695"/>
         <property name="seleniumVersion" value="3.141.59"/>
         <property name="proxyInformation" value="ProxyInformation { proxyOption=NO_PROXY, proxyServerType=HTTP, username=, password=********, proxyServerAddress=, proxyServerPort=0, executionList=&quot;&quot;, isApplyToDesiredCapabilities=true }"/>
         <property name="platform" value="Mac OS X"/>
      </properties>
      <testcase name="Test Cases/Owner/Mark Rent as Paid" time="13.299" classname="Test Cases/Owner/Mark Rent as Paid" status="PASSED">
         <system-out><![CDATA[2021-09-20 16:03:05 - [TEST_CASE][PASSED] - Test Cases/Owner/Mark Rent as Paid: Test Cases/Owner/Mark Rent as Paid

2021-09-20 16:03:05 - [TEST_STEP][PASSED] - openBrowser(""): Browser is opened with url: ''

2021-09-20 16:03:06 - [MESSAGE][INFO] - Starting 'Chrome' driver

2021-09-20 16:03:06 - [MESSAGE][INFO] - Action delay is set to 0 milliseconds

2021-09-20 16:03:07 - [MESSAGE][PASSED] - Browser is opened with url: ''

2021-09-20 16:03:07 - [TEST_STEP][PASSED] - navigateToUrl("https://managing-made-easier.web.app/"): Navigate to 'https://managing-made-easier.web.app/' successfully

2021-09-20 16:03:11 - [MESSAGE][PASSED] - Navigate to 'https://managing-made-easier.web.app/' successfully

2021-09-20 16:03:11 - [TEST_STEP][PASSED] - click(findTestObject("Object Repository/Page_Home/a_Sign-In")): Object: 'Object Repository/Page_Home/a_Sign-In' is clicked on

2021-09-20 16:03:12 - [MESSAGE][PASSED] - Object: 'Object Repository/Page_Home/a_Sign-In' is clicked on

2021-09-20 16:03:12 - [TEST_STEP][PASSED] - setText(findTestObject("Object Repository/Page_Sign-In/input__txtEmail"), "owner@radford.edu"): Text 'owner@radford.edu' is set on object 'Object Repository/Page_Sign-In/input__txtEmail'

2021-09-20 16:03:13 - [MESSAGE][PASSED] - Text 'owner@radford.edu' is set on object 'Object Repository/Page_Sign-In/input__txtEmail'

2021-09-20 16:03:13 - [TEST_STEP][PASSED] - setEncryptedText(findTestObject("Object Repository/Page_Sign-In/input__txtPassword"), "8SQVv/p9jVScEs4/2CZsLw=="): Text ****** has been set on object 'Object Repository/Page_Sign-In/input__txtPassword'

2021-09-20 16:03:13 - [MESSAGE][PASSED] - Text ****** has been set on object 'Object Repository/Page_Sign-In/input__txtPassword'

2021-09-20 16:03:13 - [TEST_STEP][PASSED] - click(findTestObject("Object Repository/Page_Sign-In/button_Sign-In")): Object: 'Object Repository/Page_Sign-In/button_Sign-In' is clicked on

2021-09-20 16:03:14 - [MESSAGE][PASSED] - Object: 'Object Repository/Page_Sign-In/button_Sign-In' is clicked on

2021-09-20 16:03:14 - [TEST_STEP][PASSED] - click(findTestObject("Object Repository/Page_Home/a_Portal")): Object: 'Object Repository/Page_Home/a_Portal' is clicked on

2021-09-20 16:03:15 - [MESSAGE][PASSED] - Object: 'Object Repository/Page_Home/a_Portal' is clicked on

2021-09-20 16:03:15 - [TEST_STEP][PASSED] - click(findTestObject("Object Repository/Page_Owner Portal/h4_Mark Rent as Paid")): Object: 'Object Repository/Page_Owner Portal/h4_Mark Rent as Paid' is clicked on

2021-09-20 16:03:16 - [MESSAGE][PASSED] - Object: 'Object Repository/Page_Owner Portal/h4_Mark Rent as Paid' is clicked on

2021-09-20 16:03:16 - [TEST_STEP][PASSED] - click(findTestObject("Object Repository/Page_Mark Rent as Paid/input_Mark Rent as Paid_fees")): Object: 'Object Repository/Page_Mark Rent as Paid/input_Mark Rent as Paid_fees' is clicked on

2021-09-20 16:03:17 - [MESSAGE][PASSED] - Object: 'Object Repository/Page_Mark Rent as Paid/input_Mark Rent as Paid_fees' is clicked on

2021-09-20 16:03:17 - [TEST_STEP][PASSED] - click(findTestObject("Object Repository/Page_Mark Rent as Paid/input_Mark Rent as Paid_fees")): Object: 'Object Repository/Page_Mark Rent as Paid/input_Mark Rent as Paid_fees' is clicked on

2021-09-20 16:03:17 - [MESSAGE][PASSED] - Object: 'Object Repository/Page_Mark Rent as Paid/input_Mark Rent as Paid_fees' is clicked on

2021-09-20 16:03:17 - [TEST_STEP][PASSED] - click(findTestObject("Object Repository/Page_Mark Rent as Paid/button_Mark Rent as Paid")): Object: 'Object Repository/Page_Mark Rent as Paid/button_Mark Rent as Paid' is clicked on

2021-09-20 16:03:18 - [MESSAGE][PASSED] - Object: 'Object Repository/Page_Mark Rent as Paid/button_Mark Rent as Paid' is clicked on

2021-09-20 16:03:18 - [TEST_STEP][PASSED] - closeBrowser(): Browser is closed

2021-09-20 16:03:18 - [MESSAGE][PASSED] - Browser is closed]]></system-out>
         <system-err><![CDATA[]]></system-err>
      </testcase>
      <testcase name="Test Cases/Owner/Owner Portal" time="8.038" classname="Test Cases/Owner/Owner Portal" status="PASSED">
         <system-out><![CDATA[2021-09-20 16:03:18 - [TEST_CASE][PASSED] - Test Cases/Owner/Owner Portal: Test Cases/Owner/Owner Portal

2021-09-20 16:03:19 - [TEST_STEP][PASSED] - openBrowser(""): Browser is opened with url: ''

2021-09-20 16:03:19 - [MESSAGE][INFO] - Starting 'Chrome' driver

2021-09-20 16:03:19 - [MESSAGE][INFO] - Action delay is set to 0 milliseconds

2021-09-20 16:03:20 - [MESSAGE][PASSED] - Browser is opened with url: ''

2021-09-20 16:03:20 - [TEST_STEP][PASSED] - navigateToUrl("https://managing-made-easier.web.app/"): Navigate to 'https://managing-made-easier.web.app/' successfully

2021-09-20 16:03:22 - [MESSAGE][PASSED] - Navigate to 'https://managing-made-easier.web.app/' successfully

2021-09-20 16:03:22 - [TEST_STEP][PASSED] - click(findTestObject("Object Repository/Page_Home/a_Sign-In")): Object: 'Object Repository/Page_Home/a_Sign-In' is clicked on

2021-09-20 16:03:23 - [MESSAGE][PASSED] - Object: 'Object Repository/Page_Home/a_Sign-In' is clicked on

2021-09-20 16:03:23 - [TEST_STEP][PASSED] - setText(findTestObject("Object Repository/Page_Sign-In/input__txtEmail"), "owner@radford.edu"): Text 'owner@radford.edu' is set on object 'Object Repository/Page_Sign-In/input__txtEmail'

2021-09-20 16:03:24 - [MESSAGE][PASSED] - Text 'owner@radford.edu' is set on object 'Object Repository/Page_Sign-In/input__txtEmail'

2021-09-20 16:03:24 - [TEST_STEP][PASSED] - setEncryptedText(findTestObject("Object Repository/Page_Sign-In/input__txtPassword"), "8SQVv/p9jVScEs4/2CZsLw=="): Text ****** has been set on object 'Object Repository/Page_Sign-In/input__txtPassword'

2021-09-20 16:03:24 - [MESSAGE][PASSED] - Text ****** has been set on object 'Object Repository/Page_Sign-In/input__txtPassword'

2021-09-20 16:03:24 - [TEST_STEP][PASSED] - click(findTestObject("Object Repository/Page_Sign-In/button_Sign-In")): Object: 'Object Repository/Page_Sign-In/button_Sign-In' is clicked on

2021-09-20 16:03:25 - [MESSAGE][PASSED] - Object: 'Object Repository/Page_Sign-In/button_Sign-In' is clicked on

2021-09-20 16:03:25 - [TEST_STEP][PASSED] - click(findTestObject("Object Repository/Page_Sign-In/div_Sign-in Successful You will be redirect_b31683")): Object: 'Object Repository/Page_Sign-In/div_Sign-in Successful You will be redirect_b31683' is clicked on

2021-09-20 16:03:26 - [MESSAGE][PASSED] - Object: 'Object Repository/Page_Sign-In/div_Sign-in Successful You will be redirect_b31683' is clicked on

2021-09-20 16:03:26 - [TEST_STEP][PASSED] - click(findTestObject("Object Repository/Page_Home/a_Portal")): Object: 'Object Repository/Page_Home/a_Portal' is clicked on

2021-09-20 16:03:26 - [MESSAGE][PASSED] - Object: 'Object Repository/Page_Home/a_Portal' is clicked on

2021-09-20 16:03:26 - [TEST_STEP][PASSED] - closeBrowser(): Browser is closed

2021-09-20 16:03:26 - [MESSAGE][PASSED] - Browser is closed]]></system-out>
         <system-err><![CDATA[]]></system-err>
      </testcase>
      <testcase name="Test Cases/Owner/Rent log" time="13.215" classname="Test Cases/Owner/Rent log" status="PASSED">
         <system-out><![CDATA[2021-09-20 16:03:26 - [TEST_CASE][PASSED] - Test Cases/Owner/Rent log: Test Cases/Owner/Rent log

2021-09-20 16:03:27 - [TEST_STEP][PASSED] - openBrowser(""): Browser is opened with url: ''

2021-09-20 16:03:27 - [MESSAGE][INFO] - Starting 'Chrome' driver

2021-09-20 16:03:27 - [MESSAGE][INFO] - Action delay is set to 0 milliseconds

2021-09-20 16:03:28 - [MESSAGE][PASSED] - Browser is opened with url: ''

2021-09-20 16:03:28 - [TEST_STEP][PASSED] - navigateToUrl("https://managing-made-easier.web.app/"): Navigate to 'https://managing-made-easier.web.app/' successfully

2021-09-20 16:03:33 - [MESSAGE][PASSED] - Navigate to 'https://managing-made-easier.web.app/' successfully

2021-09-20 16:03:33 - [TEST_STEP][PASSED] - click(findTestObject("Object Repository/Page_Home/a_Sign-In")): Object: 'Object Repository/Page_Home/a_Sign-In' is clicked on

2021-09-20 16:03:33 - [MESSAGE][PASSED] - Object: 'Object Repository/Page_Home/a_Sign-In' is clicked on

2021-09-20 16:03:33 - [TEST_STEP][PASSED] - setText(findTestObject("Object Repository/Page_Sign-In/input__txtEmail"), "owner@radford.edu"): Text 'owner@radford.edu' is set on object 'Object Repository/Page_Sign-In/input__txtEmail'

2021-09-20 16:03:34 - [MESSAGE][PASSED] - Text 'owner@radford.edu' is set on object 'Object Repository/Page_Sign-In/input__txtEmail'

2021-09-20 16:03:34 - [TEST_STEP][PASSED] - setEncryptedText(findTestObject("Object Repository/Page_Sign-In/input__txtPassword"), "8SQVv/p9jVScEs4/2CZsLw=="): Text ****** has been set on object 'Object Repository/Page_Sign-In/input__txtPassword'

2021-09-20 16:03:35 - [MESSAGE][PASSED] - Text ****** has been set on object 'Object Repository/Page_Sign-In/input__txtPassword'

2021-09-20 16:03:35 - [TEST_STEP][PASSED] - sendKeys(findTestObject("Object Repository/Page_Sign-In/input__txtPassword"), Keys.chord(ENTER)): Keys 'ENTER + ' sent to object: 'Object Repository/Page_Sign-In/input__txtPassword'

2021-09-20 16:03:35 - [MESSAGE][PASSED] - Keys 'ENTER + ' sent to object: 'Object Repository/Page_Sign-In/input__txtPassword'

2021-09-20 16:03:35 - [TEST_STEP][PASSED] - click(findTestObject("Object Repository/Page_Home/a_Portal")): Object: 'Object Repository/Page_Home/a_Portal' is clicked on

2021-09-20 16:03:36 - [MESSAGE][PASSED] - Object: 'Object Repository/Page_Home/a_Portal' is clicked on

2021-09-20 16:03:36 - [TEST_STEP][PASSED] - click(findTestObject("Object Repository/Page_Owner Portal/h4_Rent Log")): Object: 'Object Repository/Page_Owner Portal/h4_Rent Log' is clicked on

2021-09-20 16:03:37 - [MESSAGE][PASSED] - Object: 'Object Repository/Page_Owner Portal/h4_Rent Log' is clicked on

2021-09-20 16:03:37 - [TEST_STEP][PASSED] - click(findTestObject("Object Repository/Page_Payment History/div_Payment History")): Object: 'Object Repository/Page_Payment History/div_Payment History' is clicked on

2021-09-20 16:03:39 - [MESSAGE][PASSED] - Object: 'Object Repository/Page_Payment History/div_Payment History' is clicked on

2021-09-20 16:03:39 - [TEST_STEP][PASSED] - click(findTestObject("Object Repository/Page_Payment History/h2_nstoryradford.edu")): Object: 'Object Repository/Page_Payment History/h2_nstoryradford.edu' is clicked on

2021-09-20 16:03:39 - [MESSAGE][PASSED] - Object: 'Object Repository/Page_Payment History/h2_nstoryradford.edu' is clicked on

2021-09-20 16:03:39 - [TEST_STEP][PASSED] - click(findTestObject("Object Repository/Page_Payment History/div_nstoryradford.eduThu Mar 18 2021Method _7d05a2")): Object: 'Object Repository/Page_Payment History/div_nstoryradford.eduThu Mar 18 2021Method _7d05a2' is clicked on

2021-09-20 16:03:39 - [MESSAGE][PASSED] - Object: 'Object Repository/Page_Payment History/div_nstoryradford.eduThu Mar 18 2021Method _7d05a2' is clicked on

2021-09-20 16:03:39 - [TEST_STEP][PASSED] - click(findTestObject("Object Repository/Page_Payment History/button_Thu Mar 18 2021")): Object: 'Object Repository/Page_Payment History/button_Thu Mar 18 2021' is clicked on

2021-09-20 16:03:40 - [MESSAGE][PASSED] - Object: 'Object Repository/Page_Payment History/button_Thu Mar 18 2021' is clicked on

2021-09-20 16:03:40 - [TEST_STEP][PASSED] - closeBrowser(): Browser is closed

2021-09-20 16:03:40 - [MESSAGE][PASSED] - Browser is closed]]></system-out>
         <system-err><![CDATA[]]></system-err>
      </testcase>
      <testcase name="Test Cases/Owner/Testing Delete (but not removing)" time="42.521" classname="Test Cases/Owner/Testing Delete (but not removing)" status="FAILED">
         <failure type="FAILED" message="Test Cases/Owner/Testing Delete (but not removing) FAILED.
Reason:
com.kms.katalon.core.exception.StepFailedException: Unable to click on object 'Object Repository/Page_Owner Portal/h4_Delete a Listing'
	at com.kms.katalon.core.webui.keyword.internal.WebUIKeywordMain.stepFailed(WebUIKeywordMain.groovy:64)
	at com.kms.katalon.core.webui.keyword.internal.WebUIKeywordMain.runKeyword(WebUIKeywordMain.groovy:26)
	at com.kms.katalon.core.webui.keyword.builtin.ClickKeyword.click(ClickKeyword.groovy:75)
	at com.kms.katalon.core.webui.keyword.builtin.ClickKeyword.execute(ClickKeyword.groovy:42)
	at com.kms.katalon.core.keyword.internal.KeywordExecutor.executeKeywordForPlatform(KeywordExecutor.groovy:74)
	at com.kms.katalon.core.webui.keyword.WebUiBuiltInKeywords.click(WebUiBuiltInKeywords.groovy:620)
	at com.kms.katalon.core.webui.keyword.WebUiBuiltInKeywords$click$1.call(Unknown Source)
	at Testing Delete (but not removing).run(Testing Delete (but not removing):36)
	at com.kms.katalon.core.main.ScriptEngine.run(ScriptEngine.java:194)
	at com.kms.katalon.core.main.ScriptEngine.runScriptAsRawText(ScriptEngine.java:119)
	at com.kms.katalon.core.main.TestCaseExecutor.runScript(TestCaseExecutor.java:430)
	at com.kms.katalon.core.main.TestCaseExecutor.doExecute(TestCaseExecutor.java:421)
	at com.kms.katalon.core.main.TestCaseExecutor.processExecutionPhase(TestCaseExecutor.java:400)
	at com.kms.katalon.core.main.TestCaseExecutor.accessMainPhase(TestCaseExecutor.java:392)
	at com.kms.katalon.core.main.TestCaseExecutor.execute(TestCaseExecutor.java:273)
	at com.kms.katalon.core.main.TestSuiteExecutor.accessTestCaseMainPhase(TestSuiteExecutor.java:202)
	at com.kms.katalon.core.main.TestSuiteExecutor.accessTestSuiteMainPhase(TestSuiteExecutor.java:164)
	at com.kms.katalon.core.main.TestSuiteExecutor.execute(TestSuiteExecutor.java:105)
	at com.kms.katalon.core.main.TestCaseMain.startTestSuite(TestCaseMain.java:185)
	at com.kms.katalon.core.main.TestCaseMain$startTestSuite$0.call(Unknown Source)
	at TempTestSuite1632168183363.run(TempTestSuite1632168183363.groovy:36)
Caused by: com.kms.katalon.core.webui.exception.WebElementNotFoundException: Web element with id: 'Object Repository/Page_Owner Portal/h4_Delete a Listing' located by '//*[@id=&quot;form-container&quot;]/div/div[4]/a/h4' not found
	at com.kms.katalon.core.webui.common.WebUiCommonHelper.findWebElement(WebUiCommonHelper.java:1368)
	at com.kms.katalon.core.webui.keyword.internal.WebUIAbstractKeyword.findWebElement(WebUIAbstractKeyword.groovy:27)
	at com.kms.katalon.core.webui.keyword.internal.WebUIAbstractKeyword.findWebElement(WebUIAbstractKeyword.groovy:26)
	at com.kms.katalon.core.webui.keyword.builtin.ClickKeyword$_click_closure1.doCall(ClickKeyword.groovy:66)
	at com.kms.katalon.core.webui.keyword.builtin.ClickKeyword$_click_closure1.call(ClickKeyword.groovy)
	at com.kms.katalon.core.webui.keyword.internal.WebUIKeywordMain.runKeyword(WebUIKeywordMain.groovy:20)
	... 19 more
"/>
         <system-out><![CDATA[2021-09-20 16:03:40 - [TEST_CASE][FAILED] - Test Cases/Owner/Testing Delete (but not removing): Test Cases/Owner/Testing Delete (but not removing) FAILED.
Reason:
com.kms.katalon.core.exception.StepFailedException: Unable to click on object 'Object Repository/Page_Owner Portal/h4_Delete a Listing'
	at com.kms.katalon.core.webui.keyword.internal.WebUIKeywordMain.stepFailed(WebUIKeywordMain.groovy:64)
	at com.kms.katalon.core.webui.keyword.internal.WebUIKeywordMain.runKeyword(WebUIKeywordMain.groovy:26)
	at com.kms.katalon.core.webui.keyword.builtin.ClickKeyword.click(ClickKeyword.groovy:75)
	at com.kms.katalon.core.webui.keyword.builtin.ClickKeyword.execute(ClickKeyword.groovy:42)
	at com.kms.katalon.core.keyword.internal.KeywordExecutor.executeKeywordForPlatform(KeywordExecutor.groovy:74)
	at com.kms.katalon.core.webui.keyword.WebUiBuiltInKeywords.click(WebUiBuiltInKeywords.groovy:620)
	at com.kms.katalon.core.webui.keyword.WebUiBuiltInKeywords$click$1.call(Unknown Source)
	at Testing Delete (but not removing).run(Testing Delete (but not removing):36)
	at com.kms.katalon.core.main.ScriptEngine.run(ScriptEngine.java:194)
	at com.kms.katalon.core.main.ScriptEngine.runScriptAsRawText(ScriptEngine.java:119)
	at com.kms.katalon.core.main.TestCaseExecutor.runScript(TestCaseExecutor.java:430)
	at com.kms.katalon.core.main.TestCaseExecutor.doExecute(TestCaseExecutor.java:421)
	at com.kms.katalon.core.main.TestCaseExecutor.processExecutionPhase(TestCaseExecutor.java:400)
	at com.kms.katalon.core.main.TestCaseExecutor.accessMainPhase(TestCaseExecutor.java:392)
	at com.kms.katalon.core.main.TestCaseExecutor.execute(TestCaseExecutor.java:273)
	at com.kms.katalon.core.main.TestSuiteExecutor.accessTestCaseMainPhase(TestSuiteExecutor.java:202)
	at com.kms.katalon.core.main.TestSuiteExecutor.accessTestSuiteMainPhase(TestSuiteExecutor.java:164)
	at com.kms.katalon.core.main.TestSuiteExecutor.execute(TestSuiteExecutor.java:105)
	at com.kms.katalon.core.main.TestCaseMain.startTestSuite(TestCaseMain.java:185)
	at com.kms.katalon.core.main.TestCaseMain$startTestSuite$0.call(Unknown Source)
	at TempTestSuite1632168183363.run(TempTestSuite1632168183363.groovy:36)
Caused by: com.kms.katalon.core.webui.exception.WebElementNotFoundException: Web element with id: 'Object Repository/Page_Owner Portal/h4_Delete a Listing' located by '//*[@id="form-container"]/div/div[4]/a/h4' not found
	at com.kms.katalon.core.webui.common.WebUiCommonHelper.findWebElement(WebUiCommonHelper.java:1368)
	at com.kms.katalon.core.webui.keyword.internal.WebUIAbstractKeyword.findWebElement(WebUIAbstractKeyword.groovy:27)
	at com.kms.katalon.core.webui.keyword.internal.WebUIAbstractKeyword.findWebElement(WebUIAbstractKeyword.groovy:26)
	at com.kms.katalon.core.webui.keyword.builtin.ClickKeyword$_click_closure1.doCall(ClickKeyword.groovy:66)
	at com.kms.katalon.core.webui.keyword.builtin.ClickKeyword$_click_closure1.call(ClickKeyword.groovy)
	at com.kms.katalon.core.webui.keyword.internal.WebUIKeywordMain.runKeyword(WebUIKeywordMain.groovy:20)
	... 19 more


2021-09-20 16:03:40 - [TEST_STEP][PASSED] - openBrowser(""): Browser is opened with url: ''

2021-09-20 16:03:40 - [MESSAGE][INFO] - Starting 'Chrome' driver

2021-09-20 16:03:40 - [MESSAGE][INFO] - Action delay is set to 0 milliseconds

2021-09-20 16:03:41 - [MESSAGE][PASSED] - Browser is opened with url: ''

2021-09-20 16:03:41 - [TEST_STEP][PASSED] - navigateToUrl("https://managing-made-easier.web.app/"): Navigate to 'https://managing-made-easier.web.app/' successfully

2021-09-20 16:03:43 - [MESSAGE][PASSED] - Navigate to 'https://managing-made-easier.web.app/' successfully

2021-09-20 16:03:43 - [TEST_STEP][PASSED] - click(findTestObject("Object Repository/Page_Home/a_Sign-In")): Object: 'Object Repository/Page_Home/a_Sign-In' is clicked on

2021-09-20 16:03:45 - [MESSAGE][PASSED] - Object: 'Object Repository/Page_Home/a_Sign-In' is clicked on

2021-09-20 16:03:45 - [TEST_STEP][PASSED] - setText(findTestObject("Object Repository/Page_Sign-In/input__txtEmail"), "owner@radford.edu"): Text 'owner@radford.edu' is set on object 'Object Repository/Page_Sign-In/input__txtEmail'

2021-09-20 16:03:45 - [MESSAGE][PASSED] - Text 'owner@radford.edu' is set on object 'Object Repository/Page_Sign-In/input__txtEmail'

2021-09-20 16:03:45 - [TEST_STEP][PASSED] - setEncryptedText(findTestObject("Object Repository/Page_Sign-In/input__txtPassword"), "8SQVv/p9jVScEs4/2CZsLw=="): Text ****** has been set on object 'Object Repository/Page_Sign-In/input__txtPassword'

2021-09-20 16:03:46 - [MESSAGE][PASSED] - Text ****** has been set on object 'Object Repository/Page_Sign-In/input__txtPassword'

2021-09-20 16:03:46 - [TEST_STEP][PASSED] - click(findTestObject("Object Repository/Page_Sign-In/button_Sign-In")): Object: 'Object Repository/Page_Sign-In/button_Sign-In' is clicked on

2021-09-20 16:03:46 - [MESSAGE][PASSED] - Object: 'Object Repository/Page_Sign-In/button_Sign-In' is clicked on

2021-09-20 16:03:46 - [TEST_STEP][PASSED] - click(findTestObject("Object Repository/Page_Sign-In/div_Sign-in Successful You will be redirect_b31683")): Object: 'Object Repository/Page_Sign-In/div_Sign-in Successful You will be redirect_b31683' is clicked on

2021-09-20 16:03:48 - [MESSAGE][PASSED] - Object: 'Object Repository/Page_Sign-In/div_Sign-in Successful You will be redirect_b31683' is clicked on

2021-09-20 16:03:48 - [TEST_STEP][PASSED] - click(findTestObject("Object Repository/Page_Home/a_Portal")): Object: 'Object Repository/Page_Home/a_Portal' is clicked on

2021-09-20 16:03:49 - [MESSAGE][PASSED] - Object: 'Object Repository/Page_Home/a_Portal' is clicked on

2021-09-20 16:03:49 - [TEST_STEP][FAILED] - click(findTestObject("Object Repository/Page_Owner Portal/h4_Delete a Listing")): Unable to click on object 'Object Repository/Page_Owner Portal/h4_Delete a Listing' (Root cause: com.kms.katalon.core.exception.StepFailedException: Unable to click on object 'Object Repository/Page_Owner Portal/h4_Delete a Listing'
	at com.kms.katalon.core.webui.keyword.internal.WebUIKeywordMain.stepFailed(WebUIKeywordMain.groovy:64)
	at com.kms.katalon.core.webui.keyword.internal.WebUIKeywordMain.runKeyword(WebUIKeywordMain.groovy:26)
	at com.kms.katalon.core.webui.keyword.builtin.ClickKeyword.click(ClickKeyword.groovy:75)
	at com.kms.katalon.core.webui.keyword.builtin.ClickKeyword.execute(ClickKeyword.groovy:42)
	at com.kms.katalon.core.keyword.internal.KeywordExecutor.executeKeywordForPlatform(KeywordExecutor.groovy:74)
	at com.kms.katalon.core.webui.keyword.WebUiBuiltInKeywords.click(WebUiBuiltInKeywords.groovy:620)
	at com.kms.katalon.core.webui.keyword.WebUiBuiltInKeywords$click$1.call(Unknown Source)
	at Testing Delete (but not removing).run(Testing Delete (but not removing):36)
	at com.kms.katalon.core.main.ScriptEngine.run(ScriptEngine.java:194)
	at com.kms.katalon.core.main.ScriptEngine.runScriptAsRawText(ScriptEngine.java:119)
	at com.kms.katalon.core.main.TestCaseExecutor.runScript(TestCaseExecutor.java:430)
	at com.kms.katalon.core.main.TestCaseExecutor.doExecute(TestCaseExecutor.java:421)
	at com.kms.katalon.core.main.TestCaseExecutor.processExecutionPhase(TestCaseExecutor.java:400)
	at com.kms.katalon.core.main.TestCaseExecutor.accessMainPhase(TestCaseExecutor.java:392)
	at com.kms.katalon.core.main.TestCaseExecutor.execute(TestCaseExecutor.java:273)
	at com.kms.katalon.core.main.TestSuiteExecutor.accessTestCaseMainPhase(TestSuiteExecutor.java:202)
	at com.kms.katalon.core.main.TestSuiteExecutor.accessTestSuiteMainPhase(TestSuiteExecutor.java:164)
	at com.kms.katalon.core.main.TestSuiteExecutor.execute(TestSuiteExecutor.java:105)
	at com.kms.katalon.core.main.TestCaseMain.startTestSuite(TestCaseMain.java:185)
	at com.kms.katalon.core.main.TestCaseMain$startTestSuite$0.call(Unknown Source)
	at TempTestSuite1632168183363.run(TempTestSuite1632168183363.groovy:36)
Caused by: com.kms.katalon.core.webui.exception.WebElementNotFoundException: Web element with id: 'Object Repository/Page_Owner Portal/h4_Delete a Listing' located by '//*[@id="form-container"]/div/div[4]/a/h4' not found
	at com.kms.katalon.core.webui.common.WebUiCommonHelper.findWebElement(WebUiCommonHelper.java:1368)
	at com.kms.katalon.core.webui.keyword.internal.WebUIAbstractKeyword.findWebElement(WebUIAbstractKeyword.groovy:27)
	at com.kms.katalon.core.webui.keyword.internal.WebUIAbstractKeyword.findWebElement(WebUIAbstractKeyword.groovy:26)
	at com.kms.katalon.core.webui.keyword.builtin.ClickKeyword$_click_closure1.doCall(ClickKeyword.groovy:66)
	at com.kms.katalon.core.webui.keyword.builtin.ClickKeyword$_click_closure1.call(ClickKeyword.groovy)
	at com.kms.katalon.core.webui.keyword.internal.WebUIKeywordMain.runKeyword(WebUIKeywordMain.groovy:20)
	at com.kms.katalon.core.webui.keyword.builtin.ClickKeyword.click(ClickKeyword.groovy:75)
	at com.kms.katalon.core.webui.keyword.builtin.ClickKeyword.execute(ClickKeyword.groovy:42)
	at com.kms.katalon.core.keyword.internal.KeywordExecutor.executeKeywordForPlatform(KeywordExecutor.groovy:74)
	at com.kms.katalon.core.webui.keyword.WebUiBuiltInKeywords.click(WebUiBuiltInKeywords.groovy:620)
	at com.kms.katalon.core.webui.keyword.WebUiBuiltInKeywords$click$1.call(Unknown Source)
	at Script1615143414979.run(Script1615143414979.groovy:36)
	... 13 more
)

2021-09-20 16:04:21 - [MESSAGE][INFO] - Unable to find the element located by 'By.xpath: //*[@id="form-container"]/div/div[4]/a/h4'. Please recheck the objects properties to make sure the desired element is located. 

2021-09-20 16:04:22 - [MESSAGE][FAILED] - Unable to click on object 'Object Repository/Page_Owner Portal/h4_Delete a Listing' (Root cause: com.kms.katalon.core.exception.StepFailedException: Unable to click on object 'Object Repository/Page_Owner Portal/h4_Delete a Listing'
	at com.kms.katalon.core.webui.keyword.internal.WebUIKeywordMain.stepFailed(WebUIKeywordMain.groovy:64)
	at com.kms.katalon.core.webui.keyword.internal.WebUIKeywordMain.runKeyword(WebUIKeywordMain.groovy:26)
	at com.kms.katalon.core.webui.keyword.builtin.ClickKeyword.click(ClickKeyword.groovy:75)
	at com.kms.katalon.core.webui.keyword.builtin.ClickKeyword.execute(ClickKeyword.groovy:42)
	at com.kms.katalon.core.keyword.internal.KeywordExecutor.executeKeywordForPlatform(KeywordExecutor.groovy:74)
	at com.kms.katalon.core.webui.keyword.WebUiBuiltInKeywords.click(WebUiBuiltInKeywords.groovy:620)
	at com.kms.katalon.core.webui.keyword.WebUiBuiltInKeywords$click$1.call(Unknown Source)
	at Testing Delete (but not removing).run(Testing Delete (but not removing):36)
	at com.kms.katalon.core.main.ScriptEngine.run(ScriptEngine.java:194)
	at com.kms.katalon.core.main.ScriptEngine.runScriptAsRawText(ScriptEngine.java:119)
	at com.kms.katalon.core.main.TestCaseExecutor.runScript(TestCaseExecutor.java:430)
	at com.kms.katalon.core.main.TestCaseExecutor.doExecute(TestCaseExecutor.java:421)
	at com.kms.katalon.core.main.TestCaseExecutor.processExecutionPhase(TestCaseExecutor.java:400)
	at com.kms.katalon.core.main.TestCaseExecutor.accessMainPhase(TestCaseExecutor.java:392)
	at com.kms.katalon.core.main.TestCaseExecutor.execute(TestCaseExecutor.java:273)
	at com.kms.katalon.core.main.TestSuiteExecutor.accessTestCaseMainPhase(TestSuiteExecutor.java:202)
	at com.kms.katalon.core.main.TestSuiteExecutor.accessTestSuiteMainPhase(TestSuiteExecutor.java:164)
	at com.kms.katalon.core.main.TestSuiteExecutor.execute(TestSuiteExecutor.java:105)
	at com.kms.katalon.core.main.TestCaseMain.startTestSuite(TestCaseMain.java:185)
	at com.kms.katalon.core.main.TestCaseMain$startTestSuite$0.call(Unknown Source)
	at TempTestSuite1632168183363.run(TempTestSuite1632168183363.groovy:36)
Caused by: com.kms.katalon.core.webui.exception.WebElementNotFoundException: Web element with id: 'Object Repository/Page_Owner Portal/h4_Delete a Listing' located by '//*[@id="form-container"]/div/div[4]/a/h4' not found
	at com.kms.katalon.core.webui.common.WebUiCommonHelper.findWebElement(WebUiCommonHelper.java:1368)
	at com.kms.katalon.core.webui.keyword.internal.WebUIAbstractKeyword.findWebElement(WebUIAbstractKeyword.groovy:27)
	at com.kms.katalon.core.webui.keyword.internal.WebUIAbstractKeyword.findWebElement(WebUIAbstractKeyword.groovy:26)
	at com.kms.katalon.core.webui.keyword.builtin.ClickKeyword$_click_closure1.doCall(ClickKeyword.groovy:66)
	at com.kms.katalon.core.webui.keyword.builtin.ClickKeyword$_click_closure1.call(ClickKeyword.groovy)
	at com.kms.katalon.core.webui.keyword.internal.WebUIKeywordMain.runKeyword(WebUIKeywordMain.groovy:20)
	at com.kms.katalon.core.webui.keyword.builtin.ClickKeyword.click(ClickKeyword.groovy:75)
	at com.kms.katalon.core.webui.keyword.builtin.ClickKeyword.execute(ClickKeyword.groovy:42)
	at com.kms.katalon.core.keyword.internal.KeywordExecutor.executeKeywordForPlatform(KeywordExecutor.groovy:74)
	at com.kms.katalon.core.webui.keyword.WebUiBuiltInKeywords.click(WebUiBuiltInKeywords.groovy:620)
	at com.kms.katalon.core.webui.keyword.WebUiBuiltInKeywords$click$1.call(Unknown Source)
	at Script1615143414979.run(Script1615143414979.groovy:36)
	... 13 more
)
[[ATTACHMENT|/Users/mousejarrett/Desktop/SE 2/Managing/ManagingTests/Reports/20210920_160303/Owner2/20210920_160303/1632168261310.png]]]]></system-out>
         <system-err><![CDATA[2021-09-20 16:03:40 - [TEST_CASE][FAILED] - Test Cases/Owner/Testing Delete (but not removing): Test Cases/Owner/Testing Delete (but not removing) FAILED.
Reason:
com.kms.katalon.core.exception.StepFailedException: Unable to click on object 'Object Repository/Page_Owner Portal/h4_Delete a Listing'
	at com.kms.katalon.core.webui.keyword.internal.WebUIKeywordMain.stepFailed(WebUIKeywordMain.groovy:64)
	at com.kms.katalon.core.webui.keyword.internal.WebUIKeywordMain.runKeyword(WebUIKeywordMain.groovy:26)
	at com.kms.katalon.core.webui.keyword.builtin.ClickKeyword.click(ClickKeyword.groovy:75)
	at com.kms.katalon.core.webui.keyword.builtin.ClickKeyword.execute(ClickKeyword.groovy:42)
	at com.kms.katalon.core.keyword.internal.KeywordExecutor.executeKeywordForPlatform(KeywordExecutor.groovy:74)
	at com.kms.katalon.core.webui.keyword.WebUiBuiltInKeywords.click(WebUiBuiltInKeywords.groovy:620)
	at com.kms.katalon.core.webui.keyword.WebUiBuiltInKeywords$click$1.call(Unknown Source)
	at Testing Delete (but not removing).run(Testing Delete (but not removing):36)
	at com.kms.katalon.core.main.ScriptEngine.run(ScriptEngine.java:194)
	at com.kms.katalon.core.main.ScriptEngine.runScriptAsRawText(ScriptEngine.java:119)
	at com.kms.katalon.core.main.TestCaseExecutor.runScript(TestCaseExecutor.java:430)
	at com.kms.katalon.core.main.TestCaseExecutor.doExecute(TestCaseExecutor.java:421)
	at com.kms.katalon.core.main.TestCaseExecutor.processExecutionPhase(TestCaseExecutor.java:400)
	at com.kms.katalon.core.main.TestCaseExecutor.accessMainPhase(TestCaseExecutor.java:392)
	at com.kms.katalon.core.main.TestCaseExecutor.execute(TestCaseExecutor.java:273)
	at com.kms.katalon.core.main.TestSuiteExecutor.accessTestCaseMainPhase(TestSuiteExecutor.java:202)
	at com.kms.katalon.core.main.TestSuiteExecutor.accessTestSuiteMainPhase(TestSuiteExecutor.java:164)
	at com.kms.katalon.core.main.TestSuiteExecutor.execute(TestSuiteExecutor.java:105)
	at com.kms.katalon.core.main.TestCaseMain.startTestSuite(TestCaseMain.java:185)
	at com.kms.katalon.core.main.TestCaseMain$startTestSuite$0.call(Unknown Source)
	at TempTestSuite1632168183363.run(TempTestSuite1632168183363.groovy:36)
Caused by: com.kms.katalon.core.webui.exception.WebElementNotFoundException: Web element with id: 'Object Repository/Page_Owner Portal/h4_Delete a Listing' located by '//*[@id="form-container"]/div/div[4]/a/h4' not found
	at com.kms.katalon.core.webui.common.WebUiCommonHelper.findWebElement(WebUiCommonHelper.java:1368)
	at com.kms.katalon.core.webui.keyword.internal.WebUIAbstractKeyword.findWebElement(WebUIAbstractKeyword.groovy:27)
	at com.kms.katalon.core.webui.keyword.internal.WebUIAbstractKeyword.findWebElement(WebUIAbstractKeyword.groovy:26)
	at com.kms.katalon.core.webui.keyword.builtin.ClickKeyword$_click_closure1.doCall(ClickKeyword.groovy:66)
	at com.kms.katalon.core.webui.keyword.builtin.ClickKeyword$_click_closure1.call(ClickKeyword.groovy)
	at com.kms.katalon.core.webui.keyword.internal.WebUIKeywordMain.runKeyword(WebUIKeywordMain.groovy:20)
	... 19 more]]></system-err>
      </testcase>
      <testcase name="Test Cases/Owner/Update Listing" time="17.594" classname="Test Cases/Owner/Update Listing" status="PASSED">
         <system-out><![CDATA[2021-09-20 16:04:22 - [TEST_CASE][PASSED] - Test Cases/Owner/Update Listing: Test Cases/Owner/Update Listing

2021-09-20 16:04:22 - [TEST_STEP][PASSED] - openBrowser(""): Browser is opened with url: ''

2021-09-20 16:04:22 - [MESSAGE][WARNING] - A browser is already opened. Closing browser and opening a new one

2021-09-20 16:04:22 - [MESSAGE][INFO] - Starting 'Chrome' driver

2021-09-20 16:04:22 - [MESSAGE][INFO] - Action delay is set to 0 milliseconds

2021-09-20 16:04:24 - [MESSAGE][PASSED] - Browser is opened with url: ''

2021-09-20 16:04:24 - [TEST_STEP][PASSED] - navigateToUrl("https://managing-made-easier.web.app/"): Navigate to 'https://managing-made-easier.web.app/' successfully

2021-09-20 16:04:27 - [MESSAGE][PASSED] - Navigate to 'https://managing-made-easier.web.app/' successfully

2021-09-20 16:04:27 - [TEST_STEP][PASSED] - click(findTestObject("Object Repository/Page_Home/a_Sign-In")): Object: 'Object Repository/Page_Home/a_Sign-In' is clicked on

2021-09-20 16:04:27 - [MESSAGE][PASSED] - Object: 'Object Repository/Page_Home/a_Sign-In' is clicked on

2021-09-20 16:04:27 - [TEST_STEP][PASSED] - setText(findTestObject("Object Repository/Page_Sign-In/input__txtEmail"), "owner@radford.edu"): Text 'owner@radford.edu' is set on object 'Object Repository/Page_Sign-In/input__txtEmail'

2021-09-20 16:04:28 - [MESSAGE][PASSED] - Text 'owner@radford.edu' is set on object 'Object Repository/Page_Sign-In/input__txtEmail'

2021-09-20 16:04:28 - [TEST_STEP][PASSED] - setEncryptedText(findTestObject("Object Repository/Page_Sign-In/input__txtPassword"), "8SQVv/p9jVScEs4/2CZsLw=="): Text ****** has been set on object 'Object Repository/Page_Sign-In/input__txtPassword'

2021-09-20 16:04:28 - [MESSAGE][PASSED] - Text ****** has been set on object 'Object Repository/Page_Sign-In/input__txtPassword'

2021-09-20 16:04:28 - [TEST_STEP][PASSED] - click(findTestObject("Object Repository/Page_Sign-In/button_Sign-In")): Object: 'Object Repository/Page_Sign-In/button_Sign-In' is clicked on

2021-09-20 16:04:29 - [MESSAGE][PASSED] - Object: 'Object Repository/Page_Sign-In/button_Sign-In' is clicked on

2021-09-20 16:04:29 - [TEST_STEP][PASSED] - click(findTestObject("Object Repository/Page_Sign-In/div_Sign-in Successful You will be redirect_b31683")): Object: 'Object Repository/Page_Sign-In/div_Sign-in Successful You will be redirect_b31683' is clicked on

2021-09-20 16:04:30 - [MESSAGE][PASSED] - Object: 'Object Repository/Page_Sign-In/div_Sign-in Successful You will be redirect_b31683' is clicked on

2021-09-20 16:04:30 - [TEST_STEP][PASSED] - click(findTestObject("Object Repository/Page_Home/a_Portal")): Object: 'Object Repository/Page_Home/a_Portal' is clicked on

2021-09-20 16:04:31 - [MESSAGE][PASSED] - Object: 'Object Repository/Page_Home/a_Portal' is clicked on

2021-09-20 16:04:31 - [TEST_STEP][PASSED] - click(findTestObject("Object Repository/Page_Owner Portal/h4_Update a Listing")): Object: 'Object Repository/Page_Owner Portal/h4_Update a Listing' is clicked on

2021-09-20 16:04:32 - [MESSAGE][PASSED] - Object: 'Object Repository/Page_Owner Portal/h4_Update a Listing' is clicked on

2021-09-20 16:04:32 - [TEST_STEP][PASSED] - click(findTestObject("Object Repository/Page_Update Listings/div_Katalon Test")): Object: 'Object Repository/Page_Update Listings/div_Katalon Test' is clicked on

2021-09-20 16:04:34 - [MESSAGE][PASSED] - Object: 'Object Repository/Page_Update Listings/div_Katalon Test' is clicked on

2021-09-20 16:04:34 - [TEST_STEP][PASSED] - setText(findTestObject("Object Repository/Page_Update Listing/input_Apartment_rent"), "600"): Text '600' is set on object 'Object Repository/Page_Update Listing/input_Apartment_rent'

2021-09-20 16:04:35 - [MESSAGE][PASSED] - Text '600' is set on object 'Object Repository/Page_Update Listing/input_Apartment_rent'

2021-09-20 16:04:35 - [TEST_STEP][PASSED] - click(findTestObject("Object Repository/Page_Update Listing/button_Update Listing")): Object: 'Object Repository/Page_Update Listing/button_Update Listing' is clicked on

2021-09-20 16:04:36 - [MESSAGE][PASSED] - Object: 'Object Repository/Page_Update Listing/button_Update Listing' is clicked on

2021-09-20 16:04:36 - [TEST_STEP][PASSED] - click(findTestObject("Object Repository/Page_View Listing/h5_600")): Object: 'Object Repository/Page_View Listing/h5_600' is clicked on

2021-09-20 16:04:39 - [MESSAGE][PASSED] - Object: 'Object Repository/Page_View Listing/h5_600' is clicked on

2021-09-20 16:04:39 - [TEST_STEP][PASSED] - click(findTestObject("Object Repository/Page_View Listing/h5_600")): Object: 'Object Repository/Page_View Listing/h5_600' is clicked on

2021-09-20 16:04:39 - [MESSAGE][PASSED] - Object: 'Object Repository/Page_View Listing/h5_600' is clicked on

2021-09-20 16:04:39 - [TEST_STEP][PASSED] - click(findTestObject("Object Repository/Page_View Listing/h5_600")): Object: 'Object Repository/Page_View Listing/h5_600' is clicked on

2021-09-20 16:04:40 - [MESSAGE][PASSED] - Object: 'Object Repository/Page_View Listing/h5_600' is clicked on

2021-09-20 16:04:40 - [TEST_STEP][PASSED] - closeBrowser(): Browser is closed

2021-09-20 16:04:40 - [MESSAGE][PASSED] - Browser is closed]]></system-out>
         <system-err><![CDATA[]]></system-err>
      </testcase>
      <testcase name="Test Cases/Owner/View Announcements" time="13.606" classname="Test Cases/Owner/View Announcements" status="PASSED">
         <system-out><![CDATA[2021-09-20 16:04:40 - [TEST_CASE][PASSED] - Test Cases/Owner/View Announcements: Test Cases/Owner/View Announcements

2021-09-20 16:04:40 - [TEST_STEP][PASSED] - openBrowser(""): Browser is opened with url: ''

2021-09-20 16:04:40 - [MESSAGE][INFO] - Starting 'Chrome' driver

2021-09-20 16:04:40 - [MESSAGE][INFO] - Action delay is set to 0 milliseconds

2021-09-20 16:04:41 - [MESSAGE][PASSED] - Browser is opened with url: ''

2021-09-20 16:04:41 - [TEST_STEP][PASSED] - navigateToUrl("https://managing-made-easier.web.app/"): Navigate to 'https://managing-made-easier.web.app/' successfully

2021-09-20 16:04:47 - [MESSAGE][PASSED] - Navigate to 'https://managing-made-easier.web.app/' successfully

2021-09-20 16:04:47 - [TEST_STEP][PASSED] - click(findTestObject("Object Repository/Page_Home/a_Sign-In")): Object: 'Object Repository/Page_Home/a_Sign-In' is clicked on

2021-09-20 16:04:48 - [MESSAGE][PASSED] - Object: 'Object Repository/Page_Home/a_Sign-In' is clicked on

2021-09-20 16:04:48 - [TEST_STEP][PASSED] - setText(findTestObject("Object Repository/Page_Sign-In/input__txtEmail"), "owner@radford.edu"): Text 'owner@radford.edu' is set on object 'Object Repository/Page_Sign-In/input__txtEmail'

2021-09-20 16:04:49 - [MESSAGE][PASSED] - Text 'owner@radford.edu' is set on object 'Object Repository/Page_Sign-In/input__txtEmail'

2021-09-20 16:04:49 - [TEST_STEP][PASSED] - setEncryptedText(findTestObject("Object Repository/Page_Sign-In/input__txtPassword"), "8SQVv/p9jVScEs4/2CZsLw=="): Text ****** has been set on object 'Object Repository/Page_Sign-In/input__txtPassword'

2021-09-20 16:04:49 - [MESSAGE][PASSED] - Text ****** has been set on object 'Object Repository/Page_Sign-In/input__txtPassword'

2021-09-20 16:04:49 - [TEST_STEP][PASSED] - sendKeys(findTestObject("Object Repository/Page_Sign-In/input__txtPassword"), Keys.chord(ENTER)): Keys 'ENTER + ' sent to object: 'Object Repository/Page_Sign-In/input__txtPassword'

2021-09-20 16:04:49 - [MESSAGE][PASSED] - Keys 'ENTER + ' sent to object: 'Object Repository/Page_Sign-In/input__txtPassword'

2021-09-20 16:04:49 - [TEST_STEP][PASSED] - click(findTestObject("Object Repository/Page_Sign-In/div_Sign-in Successful You will be redirect_b31683")): Object: 'Object Repository/Page_Sign-In/div_Sign-in Successful You will be redirect_b31683' is clicked on

2021-09-20 16:04:51 - [MESSAGE][PASSED] - Object: 'Object Repository/Page_Sign-In/div_Sign-in Successful You will be redirect_b31683' is clicked on

2021-09-20 16:04:51 - [TEST_STEP][PASSED] - click(findTestObject("Object Repository/Page_Home/a_Portal")): Object: 'Object Repository/Page_Home/a_Portal' is clicked on

2021-09-20 16:04:51 - [MESSAGE][PASSED] - Object: 'Object Repository/Page_Home/a_Portal' is clicked on

2021-09-20 16:04:51 - [TEST_STEP][PASSED] - click(findTestObject("Object Repository/Page_Owner Portal/h4_View Announcements")): Object: 'Object Repository/Page_Owner Portal/h4_View Announcements' is clicked on

2021-09-20 16:04:52 - [MESSAGE][PASSED] - Object: 'Object Repository/Page_Owner Portal/h4_View Announcements' is clicked on

2021-09-20 16:04:52 - [TEST_STEP][PASSED] - click(findTestObject("Object Repository/Page_Announcements/button_3")): Object: 'Object Repository/Page_Announcements/button_3' is clicked on

2021-09-20 16:04:53 - [MESSAGE][PASSED] - Object: 'Object Repository/Page_Announcements/button_3' is clicked on

2021-09-20 16:04:53 - [TEST_STEP][PASSED] - click(findTestObject("Object Repository/Page_Announcements/button_Katalon Test")): Object: 'Object Repository/Page_Announcements/button_Katalon Test' is clicked on

2021-09-20 16:04:53 - [MESSAGE][PASSED] - Object: 'Object Repository/Page_Announcements/button_Katalon Test' is clicked on

2021-09-20 16:04:53 - [TEST_STEP][PASSED] - closeBrowser(): Browser is closed

2021-09-20 16:04:53 - [MESSAGE][PASSED] - Browser is closed]]></system-out>
         <system-err><![CDATA[]]></system-err>
      </testcase>
      <testcase name="Test Cases/Owner/View Fees" time="12.514" classname="Test Cases/Owner/View Fees" status="PASSED">
         <system-out><![CDATA[2021-09-20 16:04:53 - [TEST_CASE][PASSED] - Test Cases/Owner/View Fees: Test Cases/Owner/View Fees

2021-09-20 16:04:54 - [TEST_STEP][PASSED] - openBrowser(""): Browser is opened with url: ''

2021-09-20 16:04:54 - [MESSAGE][INFO] - Starting 'Chrome' driver

2021-09-20 16:04:54 - [MESSAGE][INFO] - Action delay is set to 0 milliseconds

2021-09-20 16:04:54 - [MESSAGE][PASSED] - Browser is opened with url: ''

2021-09-20 16:04:54 - [TEST_STEP][PASSED] - navigateToUrl("https://managing-made-easier.web.app/"): Navigate to 'https://managing-made-easier.web.app/' successfully

2021-09-20 16:04:58 - [MESSAGE][PASSED] - Navigate to 'https://managing-made-easier.web.app/' successfully

2021-09-20 16:04:58 - [TEST_STEP][PASSED] - click(findTestObject("Object Repository/Page_Home/a_Sign-In")): Object: 'Object Repository/Page_Home/a_Sign-In' is clicked on

2021-09-20 16:04:58 - [MESSAGE][PASSED] - Object: 'Object Repository/Page_Home/a_Sign-In' is clicked on

2021-09-20 16:04:58 - [TEST_STEP][PASSED] - setText(findTestObject("Object Repository/Page_Sign-In/input__txtEmail"), "owner@radford.edu"): Text 'owner@radford.edu' is set on object 'Object Repository/Page_Sign-In/input__txtEmail'

2021-09-20 16:04:59 - [MESSAGE][PASSED] - Text 'owner@radford.edu' is set on object 'Object Repository/Page_Sign-In/input__txtEmail'

2021-09-20 16:04:59 - [TEST_STEP][PASSED] - setEncryptedText(findTestObject("Object Repository/Page_Sign-In/input__txtPassword"), "8SQVv/p9jVScEs4/2CZsLw=="): Text ****** has been set on object 'Object Repository/Page_Sign-In/input__txtPassword'

2021-09-20 16:04:59 - [MESSAGE][PASSED] - Text ****** has been set on object 'Object Repository/Page_Sign-In/input__txtPassword'

2021-09-20 16:04:59 - [TEST_STEP][PASSED] - click(findTestObject("Object Repository/Page_Sign-In/button_Sign-In")): Object: 'Object Repository/Page_Sign-In/button_Sign-In' is clicked on

2021-09-20 16:05:00 - [MESSAGE][PASSED] - Object: 'Object Repository/Page_Sign-In/button_Sign-In' is clicked on

2021-09-20 16:05:00 - [TEST_STEP][PASSED] - click(findTestObject("Object Repository/Page_Home/a_Portal")): Object: 'Object Repository/Page_Home/a_Portal' is clicked on

2021-09-20 16:05:01 - [MESSAGE][PASSED] - Object: 'Object Repository/Page_Home/a_Portal' is clicked on

2021-09-20 16:05:01 - [TEST_STEP][PASSED] - click(findTestObject("Object Repository/Page_Owner Portal/h4_ViewDelete Fees")): Object: 'Object Repository/Page_Owner Portal/h4_ViewDelete Fees' is clicked on

2021-09-20 16:05:03 - [MESSAGE][PASSED] - Object: 'Object Repository/Page_Owner Portal/h4_ViewDelete Fees' is clicked on

2021-09-20 16:05:03 - [TEST_STEP][PASSED] - click(findTestObject("Object Repository/Page_ViewDelete Fees/h2_nstoryradford.edu")): Object: 'Object Repository/Page_ViewDelete Fees/h2_nstoryradford.edu' is clicked on

2021-09-20 16:05:05 - [MESSAGE][PASSED] - Object: 'Object Repository/Page_ViewDelete Fees/h2_nstoryradford.edu' is clicked on

2021-09-20 16:05:05 - [TEST_STEP][PASSED] - click(findTestObject("Object Repository/Page_ViewDelete Fees/div_nstoryradford.edu100  DamageDate Added _76da0f")): Object: 'Object Repository/Page_ViewDelete Fees/div_nstoryradford.edu100  DamageDate Added _76da0f' is clicked on

2021-09-20 16:05:05 - [MESSAGE][PASSED] - Object: 'Object Repository/Page_ViewDelete Fees/div_nstoryradford.edu100  DamageDate Added _76da0f' is clicked on

2021-09-20 16:05:05 - [TEST_STEP][PASSED] - click(findTestObject("Object Repository/Page_ViewDelete Fees/button_100  Damage")): Object: 'Object Repository/Page_ViewDelete Fees/button_100  Damage' is clicked on

2021-09-20 16:05:06 - [MESSAGE][PASSED] - Object: 'Object Repository/Page_ViewDelete Fees/button_100  Damage' is clicked on

2021-09-20 16:05:06 - [TEST_STEP][PASSED] - click(findTestObject("Object Repository/Page_ViewDelete Fees/div_Date Added Thu Mar 18 2021Date Paid Thu_83a304")): Object: 'Object Repository/Page_ViewDelete Fees/div_Date Added Thu Mar 18 2021Date Paid Thu_83a304' is clicked on

2021-09-20 16:05:06 - [MESSAGE][PASSED] - Object: 'Object Repository/Page_ViewDelete Fees/div_Date Added Thu Mar 18 2021Date Paid Thu_83a304' is clicked on

2021-09-20 16:05:06 - [TEST_STEP][PASSED] - closeBrowser(): Browser is closed

2021-09-20 16:05:06 - [MESSAGE][PASSED] - Browser is closed]]></system-out>
         <system-err><![CDATA[]]></system-err>
      </testcase>
      <testcase name="Test Cases/Owner/ContactTenantPage" time="9.252" classname="Test Cases/Owner/ContactTenantPage" status="PASSED">
         <system-out><![CDATA[2021-09-20 16:05:06 - [TEST_CASE][PASSED] - Test Cases/Owner/ContactTenantPage: Test Cases/Owner/ContactTenantPage

2021-09-20 16:05:06 - [TEST_STEP][PASSED] - openBrowser(""): Browser is opened with url: ''

2021-09-20 16:05:06 - [MESSAGE][INFO] - Starting 'Chrome' driver

2021-09-20 16:05:06 - [MESSAGE][INFO] - Action delay is set to 0 milliseconds

2021-09-20 16:05:07 - [MESSAGE][PASSED] - Browser is opened with url: ''

2021-09-20 16:05:07 - [TEST_STEP][PASSED] - navigateToUrl("https://managing-made-easier.web.app/"): Navigate to 'https://managing-made-easier.web.app/' successfully

2021-09-20 16:05:09 - [MESSAGE][PASSED] - Navigate to 'https://managing-made-easier.web.app/' successfully

2021-09-20 16:05:09 - [TEST_STEP][PASSED] - click(findTestObject("Object Repository/Page_Home/a_Sign-In")): Object: 'Object Repository/Page_Home/a_Sign-In' is clicked on

2021-09-20 16:05:10 - [MESSAGE][PASSED] - Object: 'Object Repository/Page_Home/a_Sign-In' is clicked on

2021-09-20 16:05:10 - [TEST_STEP][PASSED] - setText(findTestObject("Object Repository/Page_Sign-In/input__txtEmail"), "owner@radford.edu"): Text 'owner@radford.edu' is set on object 'Object Repository/Page_Sign-In/input__txtEmail'

2021-09-20 16:05:10 - [MESSAGE][PASSED] - Text 'owner@radford.edu' is set on object 'Object Repository/Page_Sign-In/input__txtEmail'

2021-09-20 16:05:10 - [TEST_STEP][PASSED] - setEncryptedText(findTestObject("Object Repository/Page_Sign-In/input__txtPassword"), "8SQVv/p9jVScEs4/2CZsLw=="): Text ****** has been set on object 'Object Repository/Page_Sign-In/input__txtPassword'

2021-09-20 16:05:11 - [MESSAGE][PASSED] - Text ****** has been set on object 'Object Repository/Page_Sign-In/input__txtPassword'

2021-09-20 16:05:11 - [TEST_STEP][PASSED] - click(findTestObject("Object Repository/Page_Sign-In/button_Sign-In")): Object: 'Object Repository/Page_Sign-In/button_Sign-In' is clicked on

2021-09-20 16:05:11 - [MESSAGE][PASSED] - Object: 'Object Repository/Page_Sign-In/button_Sign-In' is clicked on

2021-09-20 16:05:11 - [TEST_STEP][PASSED] - click(findTestObject("Object Repository/Page_Home/a_Portal")): Object: 'Object Repository/Page_Home/a_Portal' is clicked on

2021-09-20 16:05:13 - [MESSAGE][PASSED] - Object: 'Object Repository/Page_Home/a_Portal' is clicked on

2021-09-20 16:05:13 - [TEST_STEP][PASSED] - click(findTestObject("Page_Owner Portal/h4_View Walkthrough Calendar")): Object: 'Object Repository/Page_Owner Portal/h4_View Walkthrough Calendar' is clicked on

2021-09-20 16:05:14 - [MESSAGE][PASSED] - Object: 'Object Repository/Page_Owner Portal/h4_View Walkthrough Calendar' is clicked on

2021-09-20 16:05:14 - [TEST_STEP][PASSED] - click(findTestObject("Object Repository/Page_Contact Tenants/button_231 Allen Ave")): Object: 'Object Repository/Page_Contact Tenants/button_231 Allen Ave' is clicked on

2021-09-20 16:05:15 - [MESSAGE][PASSED] - Object: 'Object Repository/Page_Contact Tenants/button_231 Allen Ave' is clicked on

2021-09-20 16:05:15 - [TEST_STEP][PASSED] - click(findTestObject("Object Repository/Page_Contact Tenants/p_Tenant nstoryradford.edu")): Object: 'Object Repository/Page_Contact Tenants/p_Tenant nstoryradford.edu' is clicked on

2021-09-20 16:05:15 - [MESSAGE][PASSED] - Object: 'Object Repository/Page_Contact Tenants/p_Tenant nstoryradford.edu' is clicked on

2021-09-20 16:05:15 - [TEST_STEP][PASSED] - closeBrowser(): Browser is closed

2021-09-20 16:05:15 - [MESSAGE][PASSED] - Browser is closed]]></system-out>
         <system-err><![CDATA[]]></system-err>
      </testcase>
      <system-out><![CDATA[2021-09-20 16:03:05 - [TEST_SUITE][FAILED] - Owner2: Test Cases/Owner/Testing Delete (but not removing) FAILED.
Reason:
com.kms.katalon.core.exception.StepFailedException: Unable to click on object 'Object Repository/Page_Owner Portal/h4_Delete a Listing'
	at com.kms.katalon.core.webui.keyword.internal.WebUIKeywordMain.stepFailed(WebUIKeywordMain.groovy:64)
	at com.kms.katalon.core.webui.keyword.internal.WebUIKeywordMain.runKeyword(WebUIKeywordMain.groovy:26)
	at com.kms.katalon.core.webui.keyword.builtin.ClickKeyword.click(ClickKeyword.groovy:75)
	at com.kms.katalon.core.webui.keyword.builtin.ClickKeyword.execute(ClickKeyword.groovy:42)
	at com.kms.katalon.core.keyword.internal.KeywordExecutor.executeKeywordForPlatform(KeywordExecutor.groovy:74)
	at com.kms.katalon.core.webui.keyword.WebUiBuiltInKeywords.click(WebUiBuiltInKeywords.groovy:620)
	at com.kms.katalon.core.webui.keyword.WebUiBuiltInKeywords$click$1.call(Unknown Source)
	at Testing Delete (but not removing).run(Testing Delete (but not removing):36)
	at com.kms.katalon.core.main.ScriptEngine.run(ScriptEngine.java:194)
	at com.kms.katalon.core.main.ScriptEngine.runScriptAsRawText(ScriptEngine.java:119)
	at com.kms.katalon.core.main.TestCaseExecutor.runScript(TestCaseExecutor.java:430)
	at com.kms.katalon.core.main.TestCaseExecutor.doExecute(TestCaseExecutor.java:421)
	at com.kms.katalon.core.main.TestCaseExecutor.processExecutionPhase(TestCaseExecutor.java:400)
	at com.kms.katalon.core.main.TestCaseExecutor.accessMainPhase(TestCaseExecutor.java:392)
	at com.kms.katalon.core.main.TestCaseExecutor.execute(TestCaseExecutor.java:273)
	at com.kms.katalon.core.main.TestSuiteExecutor.accessTestCaseMainPhase(TestSuiteExecutor.java:202)
	at com.kms.katalon.core.main.TestSuiteExecutor.accessTestSuiteMainPhase(TestSuiteExecutor.java:164)
	at com.kms.katalon.core.main.TestSuiteExecutor.execute(TestSuiteExecutor.java:105)
	at com.kms.katalon.core.main.TestCaseMain.startTestSuite(TestCaseMain.java:185)
	at com.kms.katalon.core.main.TestCaseMain$startTestSuite$0.call(Unknown Source)
	at TempTestSuite1632168183363.run(TempTestSuite1632168183363.groovy:36)
Caused by: com.kms.katalon.core.webui.exception.WebElementNotFoundException: Web element with id: 'Object Repository/Page_Owner Portal/h4_Delete a Listing' located by '//*[@id="form-container"]/div/div[4]/a/h4' not found
	at com.kms.katalon.core.webui.common.WebUiCommonHelper.findWebElement(WebUiCommonHelper.java:1368)
	at com.kms.katalon.core.webui.keyword.internal.WebUIAbstractKeyword.findWebElement(WebUIAbstractKeyword.groovy:27)
	at com.kms.katalon.core.webui.keyword.internal.WebUIAbstractKeyword.findWebElement(WebUIAbstractKeyword.groovy:26)
	at com.kms.katalon.core.webui.keyword.builtin.ClickKeyword$_click_closure1.doCall(ClickKeyword.groovy:66)
	at com.kms.katalon.core.webui.keyword.builtin.ClickKeyword$_click_closure1.call(ClickKeyword.groovy)
	at com.kms.katalon.core.webui.keyword.internal.WebUIKeywordMain.runKeyword(WebUIKeywordMain.groovy:20)
	... 19 more]]></system-out>
      <system-err><![CDATA[2021-09-20 16:03:05 - [TEST_SUITE][FAILED] - Owner2: Test Cases/Owner/Testing Delete (but not removing) FAILED.
Reason:
com.kms.katalon.core.exception.StepFailedException: Unable to click on object 'Object Repository/Page_Owner Portal/h4_Delete a Listing'
	at com.kms.katalon.core.webui.keyword.internal.WebUIKeywordMain.stepFailed(WebUIKeywordMain.groovy:64)
	at com.kms.katalon.core.webui.keyword.internal.WebUIKeywordMain.runKeyword(WebUIKeywordMain.groovy:26)
	at com.kms.katalon.core.webui.keyword.builtin.ClickKeyword.click(ClickKeyword.groovy:75)
	at com.kms.katalon.core.webui.keyword.builtin.ClickKeyword.execute(ClickKeyword.groovy:42)
	at com.kms.katalon.core.keyword.internal.KeywordExecutor.executeKeywordForPlatform(KeywordExecutor.groovy:74)
	at com.kms.katalon.core.webui.keyword.WebUiBuiltInKeywords.click(WebUiBuiltInKeywords.groovy:620)
	at com.kms.katalon.core.webui.keyword.WebUiBuiltInKeywords$click$1.call(Unknown Source)
	at Testing Delete (but not removing).run(Testing Delete (but not removing):36)
	at com.kms.katalon.core.main.ScriptEngine.run(ScriptEngine.java:194)
	at com.kms.katalon.core.main.ScriptEngine.runScriptAsRawText(ScriptEngine.java:119)
	at com.kms.katalon.core.main.TestCaseExecutor.runScript(TestCaseExecutor.java:430)
	at com.kms.katalon.core.main.TestCaseExecutor.doExecute(TestCaseExecutor.java:421)
	at com.kms.katalon.core.main.TestCaseExecutor.processExecutionPhase(TestCaseExecutor.java:400)
	at com.kms.katalon.core.main.TestCaseExecutor.accessMainPhase(TestCaseExecutor.java:392)
	at com.kms.katalon.core.main.TestCaseExecutor.execute(TestCaseExecutor.java:273)
	at com.kms.katalon.core.main.TestSuiteExecutor.accessTestCaseMainPhase(TestSuiteExecutor.java:202)
	at com.kms.katalon.core.main.TestSuiteExecutor.accessTestSuiteMainPhase(TestSuiteExecutor.java:164)
	at com.kms.katalon.core.main.TestSuiteExecutor.execute(TestSuiteExecutor.java:105)
	at com.kms.katalon.core.main.TestCaseMain.startTestSuite(TestCaseMain.java:185)
	at com.kms.katalon.core.main.TestCaseMain$startTestSuite$0.call(Unknown Source)
	at TempTestSuite1632168183363.run(TempTestSuite1632168183363.groovy:36)
Caused by: com.kms.katalon.core.webui.exception.WebElementNotFoundException: Web element with id: 'Object Repository/Page_Owner Portal/h4_Delete a Listing' located by '//*[@id="form-container"]/div/div[4]/a/h4' not found
	at com.kms.katalon.core.webui.common.WebUiCommonHelper.findWebElement(WebUiCommonHelper.java:1368)
	at com.kms.katalon.core.webui.keyword.internal.WebUIAbstractKeyword.findWebElement(WebUIAbstractKeyword.groovy:27)
	at com.kms.katalon.core.webui.keyword.internal.WebUIAbstractKeyword.findWebElement(WebUIAbstractKeyword.groovy:26)
	at com.kms.katalon.core.webui.keyword.builtin.ClickKeyword$_click_closure1.doCall(ClickKeyword.groovy:66)
	at com.kms.katalon.core.webui.keyword.builtin.ClickKeyword$_click_closure1.call(ClickKeyword.groovy)
	at com.kms.katalon.core.webui.keyword.internal.WebUIKeywordMain.runKeyword(WebUIKeywordMain.groovy:20)
	... 19 more]]></system-err>
   </testsuite>
</testsuites>
